[0701/021015:ERROR:process_info.cc(330)] VirtualQueryEx: Access is denied. (0x5)
[0701/021015:ERROR:process_info.cc(547)] ReadMemoryInfo failed
[0701/021015:ERROR:process_info.cc(608)] range at 0xfe84e000, size 0x230 fully unreadable
[0701/021015:ERROR:process_info.cc(608)] range at 0x0, size 0x24 fully unreadable
[0701/021015:ERROR:process_reader_win.cc(232)] ReadMemory at 0x0 of 36 bytes failed: Only part of a ReadProcessMemory or WriteProcessMemory request was completed. (0x12B)
[0701/021015:ERROR:process_snapshot_win.cc(357)] ReadMemory PEB_LDR_DATA
[0701/021015:ERROR:process_reader_win.cc(232)] ReadMemory at 0x0 of 784 bytes failed: Only part of a ReadProcessMemory or WriteProcessMemory request was completed. (0x12B)
[0701/021015:ERROR:process_snapshot_win.cc(380)] ReadMemory RTL_USER_PROCESS_PARAMETERS
[0701/021015:ERROR:process_reader_win.cc(141)] SuspendThread: Access is denied. (0x5)
[0701/021015:ERROR:exception_snapshot_win.cc(57)] thread ID 0 not found in process
[0701/021015:WARNING:crash_report_exception_handler.cc(60)] ProcessSnapshotWin::InitializeException failed
[0701/021015:ERROR:scoped_process_suspend.cc(38)] NtResumeProcess, ntstatus=-1073741558
[0701/021057:ERROR:process_info.cc(330)] VirtualQueryEx: Access is denied. (0x5)
[0701/021057:ERROR:process_info.cc(547)] ReadMemoryInfo failed
[0701/021057:ERROR:process_info.cc(608)] range at 0xff34f000, size 0x230 fully unreadable
[0701/021057:ERROR:process_info.cc(608)] range at 0x0, size 0x24 fully unreadable
[0701/021057:ERROR:process_reader_win.cc(232)] ReadMemory at 0x0 of 36 bytes failed: Only part of a ReadProcessMemory or WriteProcessMemory request was completed. (0x12B)
[0701/021057:ERROR:process_snapshot_win.cc(357)] ReadMemory PEB_LDR_DATA
[0701/021057:ERROR:process_reader_win.cc(232)] ReadMemory at 0x0 of 784 bytes failed: Only part of a ReadProcessMemory or WriteProcessMemory request was completed. (0x12B)
[0701/021057:ERROR:process_snapshot_win.cc(380)] ReadMemory RTL_USER_PROCESS_PARAMETERS
[0701/021057:ERROR:process_reader_win.cc(141)] SuspendThread: Access is denied. (0x5)
[0701/021057:ERROR:exception_snapshot_win.cc(57)] thread ID 0 not found in process
[0701/021057:WARNING:crash_report_exception_handler.cc(60)] ProcessSnapshotWin::InitializeException failed
[0701/021058:ERROR:scoped_process_suspend.cc(38)] NtResumeProcess, ntstatus=-1073741558
[0701/022407:ERROR:process_info.cc(608)] range at 0xffd0f000, size 0x230 fully unreadable
[0701/022408:ERROR:process_reader_win.cc(232)] ReadMemory at 0x125b730 of 72 bytes failed: Only part of a ReadProcessMemory or WriteProcessMemory request was completed. (0x12B)
[0701/022408:ERROR:process_reader_win.cc(232)] ReadMemory at 0x12362b0 of 72 bytes failed: Only part of a ReadProcessMemory or WriteProcessMemory request was completed. (0x12B)
[0701/022408:ERROR:process_reader_win.cc(232)] ReadMemory at 0x1232de8 of 784 bytes failed: Only part of a ReadProcessMemory or WriteProcessMemory request was completed. (0x12B)
[0701/022408:ERROR:process_snapshot_win.cc(380)] ReadMemory RTL_USER_PROCESS_PARAMETERS
[0701/022408:ERROR:process_reader_win.cc(141)] SuspendThread: Access is denied. (0x5)
[0701/022408:ERROR:exception_snapshot_win.cc(57)] thread ID 0 not found in process
[0701/022408:WARNING:crash_report_exception_handler.cc(60)] ProcessSnapshotWin::InitializeException failed
[0701/022408:ERROR:scoped_process_suspend.cc(38)] NtResumeProcess, ntstatus=-1073741558
[0701/022748:ERROR:process_info.cc(330)] VirtualQueryEx: Access is denied. (0x5)
[0701/022748:ERROR:process_info.cc(547)] ReadMemoryInfo failed
[0701/022748:ERROR:process_info.cc(608)] range at 0xfe70f000, size 0x230 fully unreadable
[0701/022748:ERROR:process_info.cc(608)] range at 0x0, size 0x24 fully unreadable
[0701/022748:ERROR:process_reader_win.cc(232)] ReadMemory at 0x0 of 36 bytes failed: Only part of a ReadProcessMemory or WriteProcessMemory request was completed. (0x12B)
[0701/022748:ERROR:process_snapshot_win.cc(357)] ReadMemory PEB_LDR_DATA
[0701/022748:ERROR:process_reader_win.cc(232)] ReadMemory at 0x0 of 784 bytes failed: Only part of a ReadProcessMemory or WriteProcessMemory request was completed. (0x12B)
[0701/022748:ERROR:process_snapshot_win.cc(380)] ReadMemory RTL_USER_PROCESS_PARAMETERS
[0701/022748:ERROR:process_reader_win.cc(141)] SuspendThread: Access is denied. (0x5)
[0701/022748:ERROR:exception_snapshot_win.cc(57)] thread ID 0 not found in process
[0701/022748:WARNING:crash_report_exception_handler.cc(60)] ProcessSnapshotWin::InitializeException failed
[0701/022748:ERROR:scoped_process_suspend.cc(38)] NtResumeProcess, ntstatus=-1073741558
[0701/065724:ERROR:process_info.cc(608)] range at 0xfeddc000, size 0x230 fully unreadable
[0701/065724:ERROR:process_reader_win.cc(141)] SuspendThread: Access is denied. (0x5)
[0701/065724:ERROR:exception_snapshot_win.cc(57)] thread ID 0 not found in process
[0701/065724:WARNING:crash_report_exception_handler.cc(60)] ProcessSnapshotWin::InitializeException failed
[0701/065724:ERROR:scoped_process_suspend.cc(38)] NtResumeProcess, ntstatus=-1073741558
